<?xml version="1.0" encoding="UTF-8"?>
<testng-results skipped="0" failed="0" total="1" passed="1">
  <reporter-output>
  </reporter-output>
  <suite name="Default suite" duration-ms="359" started-at="2020-03-04T17:07:11Z" finished-at="2020-03-04T17:07:11Z">
    <groups>
      <group name="cucumber">
        <method signature="AbstractTestNGCucumberTests.feature(cucumber.api.testng.CucumberFeatureWrapper)[pri:0, instance:com.cucumber_io_testng.TestngRunner@3ffc5af1]" name="feature" class="cucumber.api.testng.AbstractTestNGCucumberTests"/>
      </group> <!-- cucumber -->
    </groups>
    <test name="Default test" duration-ms="359" started-at="2020-03-04T17:07:11Z" finished-at="2020-03-04T17:07:11Z">
      <class name="com.cucumber_io_testng.TestngRunner">
        <test-method status="PASS" signature="setUpClass()[pri:0, instance:com.cucumber_io_testng.TestngRunner@3ffc5af1]" name="setUpClass" is-config="true" duration-ms="164" started-at="2020-03-04T22:37:11Z" finished-at="2020-03-04T22:37:11Z">
          <reporter-output>
          </reporter-output>
        </test-method> <!-- setUpClass -->
        <test-method status="PASS" signature="feature(cucumber.api.testng.CucumberFeatureWrapper)[pri:0, instance:com.cucumber_io_testng.TestngRunner@3ffc5af1]" name="feature" duration-ms="51" started-at="2020-03-04T22:37:11Z" description="Runs Cucumber Feature" data-provider="features" finished-at="2020-03-04T22:37:11Z">
          <params>
            <param index="0">
              <value>
                <![CDATA[Title of your feature]]>
              </value>
            </param>
          </params>
          <reporter-output>
          </reporter-output>
        </test-method> <!-- feature -->
        <test-method status="PASS" signature="tearDownClass()[pri:0, instance:com.cucumber_io_testng.TestngRunner@3ffc5af1]" name="tearDownClass" is-config="true" duration-ms="55" started-at="2020-03-04T22:37:11Z" finished-at="2020-03-04T22:37:11Z">
          <reporter-output>
          </reporter-output>
        </test-method> <!-- tearDownClass -->
      </class> <!-- com.cucumber_io_testng.TestngRunner -->
    </test> <!-- Default test -->
  </suite> <!-- Default suite -->
</testng-results>
